mode: atomic
github.com/orchard9/pg-goapi/cmd/pg-goapi/main.go:39.13,42.24 2 0
github.com/orchard9/pg-goapi/cmd/pg-goapi/main.go:42.24,45.3 2 0
github.com/orchard9/pg-goapi/cmd/pg-goapi/main.go:47.2,47.21 1 0
github.com/orchard9/pg-goapi/cmd/pg-goapi/main.go:47.21,50.3 2 0
github.com/orchard9/pg-goapi/cmd/pg-goapi/main.go:52.2,52.28 1 0
github.com/orchard9/pg-goapi/cmd/pg-goapi/main.go:52.28,56.3 3 0
github.com/orchard9/pg-goapi/cmd/pg-goapi/main.go:59.2,59.20 1 0
github.com/orchard9/pg-goapi/cmd/pg-goapi/main.go:59.20,61.3 1 0
github.com/orchard9/pg-goapi/cmd/pg-goapi/main.go:61.8,63.3 1 0
github.com/orchard9/pg-goapi/cmd/pg-goapi/main.go:66.2,66.43 1 0
github.com/orchard9/pg-goapi/cmd/pg-goapi/main.go:66.43,68.3 1 0
github.com/orchard9/pg-goapi/cmd/pg-goapi/main.go:72.26,100.21 20 0
github.com/orchard9/pg-goapi/cmd/pg-goapi/main.go:100.21,102.3 1 0
github.com/orchard9/pg-goapi/cmd/pg-goapi/main.go:104.2,104.15 1 0
github.com/orchard9/pg-goapi/cmd/pg-goapi/main.go:108.38,109.20 1 4
github.com/orchard9/pg-goapi/cmd/pg-goapi/main.go:109.20,112.30 3 0
github.com/orchard9/pg-goapi/cmd/pg-goapi/main.go:112.30,114.4 1 0
github.com/orchard9/pg-goapi/cmd/pg-goapi/main.go:118.2,130.103 9 4
github.com/orchard9/pg-goapi/cmd/pg-goapi/main.go:130.103,132.3 1 1
github.com/orchard9/pg-goapi/cmd/pg-goapi/main.go:132.8,134.3 1 3
github.com/orchard9/pg-goapi/cmd/pg-goapi/main.go:136.2,136.16 1 4
github.com/orchard9/pg-goapi/cmd/pg-goapi/main.go:136.16,138.3 1 2
github.com/orchard9/pg-goapi/cmd/pg-goapi/main.go:141.2,141.20 1 2
github.com/orchard9/pg-goapi/cmd/pg-goapi/main.go:141.20,143.3 1 0
github.com/orchard9/pg-goapi/cmd/pg-goapi/main.go:144.2,147.81 2 2
github.com/orchard9/pg-goapi/cmd/pg-goapi/main.go:147.81,148.21 1 1
github.com/orchard9/pg-goapi/cmd/pg-goapi/main.go:148.21,150.4 1 0
github.com/orchard9/pg-goapi/cmd/pg-goapi/main.go:151.3,152.43 2 1
github.com/orchard9/pg-goapi/cmd/pg-goapi/main.go:152.43,154.4 1 1
github.com/orchard9/pg-goapi/cmd/pg-goapi/main.go:155.3,157.21 3 0
github.com/orchard9/pg-goapi/cmd/pg-goapi/main.go:157.21,159.4 1 0
github.com/orchard9/pg-goapi/cmd/pg-goapi/main.go:163.2,163.20 1 1
github.com/orchard9/pg-goapi/cmd/pg-goapi/main.go:163.20,165.3 1 0
github.com/orchard9/pg-goapi/cmd/pg-goapi/main.go:166.2,169.20 2 1
github.com/orchard9/pg-goapi/cmd/pg-goapi/main.go:169.20,171.3 1 0
github.com/orchard9/pg-goapi/cmd/pg-goapi/main.go:172.2,175.20 2 1
github.com/orchard9/pg-goapi/cmd/pg-goapi/main.go:175.20,177.3 1 0
github.com/orchard9/pg-goapi/cmd/pg-goapi/main.go:178.2,194.20 3 1
github.com/orchard9/pg-goapi/cmd/pg-goapi/main.go:194.20,196.3 1 0
github.com/orchard9/pg-goapi/cmd/pg-goapi/main.go:197.2,198.16 2 1
github.com/orchard9/pg-goapi/cmd/pg-goapi/main.go:198.16,200.3 1 0
github.com/orchard9/pg-goapi/cmd/pg-goapi/main.go:203.2,203.29 1 1
github.com/orchard9/pg-goapi/cmd/pg-goapi/main.go:203.29,204.21 1 0
github.com/orchard9/pg-goapi/cmd/pg-goapi/main.go:204.21,206.4 1 0
github.com/orchard9/pg-goapi/cmd/pg-goapi/main.go:207.3,208.17 2 0
github.com/orchard9/pg-goapi/cmd/pg-goapi/main.go:208.17,210.4 1 0
github.com/orchard9/pg-goapi/cmd/pg-goapi/main.go:211.3,211.65 1 0
github.com/orchard9/pg-goapi/cmd/pg-goapi/main.go:212.8,214.3 1 1
github.com/orchard9/pg-goapi/cmd/pg-goapi/main.go:216.2,216.12 1 1
github.com/orchard9/pg-goapi/cmd/pg-goapi/main.go:220.51,221.27 1 1
github.com/orchard9/pg-goapi/cmd/pg-goapi/main.go:221.27,223.3 1 1
github.com/orchard9/pg-goapi/cmd/pg-goapi/main.go:224.2,224.28 1 0
github.com/orchard9/pg-goapi/cmd/pg-goapi/main.go:227.53,228.29 1 1
github.com/orchard9/pg-goapi/cmd/pg-goapi/main.go:228.29,230.3 1 1
github.com/orchard9/pg-goapi/cmd/pg-goapi/main.go:231.2,231.16 1 0
github.com/orchard9/pg-goapi/cmd/pg-goapi/main.go:234.57,236.2 1 1
github.com/orchard9/pg-goapi/cmd/pg-goapi/main.go:238.50,239.56 1 1
github.com/orchard9/pg-goapi/cmd/pg-goapi/main.go:239.56,241.3 1 0
github.com/orchard9/pg-goapi/cmd/pg-goapi/main.go:242.2,242.11 1 1
github.com/orchard9/pg-goapi/cmd/pg-goapi/main.go:245.51,246.24 1 1
github.com/orchard9/pg-goapi/cmd/pg-goapi/main.go:246.24,248.3 1 1
github.com/orchard9/pg-goapi/cmd/pg-goapi/main.go:249.2,249.18 1 0
github.com/orchard9/pg-goapi/cmd/pg-goapi/main.go:252.98,256.37 3 1
github.com/orchard9/pg-goapi/cmd/pg-goapi/main.go:256.37,258.3 1 1
github.com/orchard9/pg-goapi/cmd/pg-goapi/main.go:261.2,262.24 2 1
github.com/orchard9/pg-goapi/cmd/pg-goapi/main.go:262.24,264.3 1 1
github.com/orchard9/pg-goapi/cmd/pg-goapi/main.go:266.2,271.3 1 1
github.com/orchard9/pg-goapi/cmd/pg-goapi/main.go:274.20,280.2 5 1
github.com/orchard9/pg-goapi/cmd/pg-goapi/main.go:283.33,284.13 1 5
github.com/orchard9/pg-goapi/cmd/pg-goapi/main.go:284.13,286.3 1 1
github.com/orchard9/pg-goapi/cmd/pg-goapi/main.go:287.2,287.56 1 4
github.com/orchard9/pg-goapi/cmd/pg-goapi/main.go:291.129,293.27 1 1
github.com/orchard9/pg-goapi/cmd/pg-goapi/main.go:293.27,297.63 2 1
github.com/orchard9/pg-goapi/cmd/pg-goapi/main.go:297.63,308.37 2 0
github.com/orchard9/pg-goapi/cmd/pg-goapi/main.go:308.37,309.56 1 0
github.com/orchard9/pg-goapi/cmd/pg-goapi/main.go:309.56,312.6 2 0
github.com/orchard9/pg-goapi/cmd/pg-goapi/main.go:319.63,323.33 2 0
github.com/orchard9/pg-goapi/cmd/pg-goapi/main.go:323.33,325.3 1 0
github.com/orchard9/pg-goapi/cmd/pg-goapi/main.go:328.2,328.28 1 0
github.com/orchard9/pg-goapi/cmd/pg-goapi/main.go:328.28,329.49 1 0
github.com/orchard9/pg-goapi/cmd/pg-goapi/main.go:329.49,331.4 1 0
github.com/orchard9/pg-goapi/cmd/pg-goapi/main.go:335.2,336.33 2 0
github.com/orchard9/pg-goapi/cmd/pg-goapi/main.go:336.33,338.3 1 0
github.com/orchard9/pg-goapi/cmd/pg-goapi/main.go:340.2,340.15 1 0
github.com/orchard9/pg-goapi/cmd/pg-goapi/main.go:344.66,350.26 2 5
github.com/orchard9/pg-goapi/cmd/pg-goapi/main.go:350.26,352.3 1 3
github.com/orchard9/pg-goapi/cmd/pg-goapi/main.go:355.2,355.26 1 5
github.com/orchard9/pg-goapi/cmd/pg-goapi/main.go:355.26,357.3 1 1
github.com/orchard9/pg-goapi/cmd/pg-goapi/main.go:359.2,359.15 1 5
github.com/orchard9/pg-goapi/cmd/pg-goapi/main.go:363.45,366.29 3 13
github.com/orchard9/pg-goapi/cmd/pg-goapi/main.go:366.29,368.20 2 23
github.com/orchard9/pg-goapi/cmd/pg-goapi/main.go:368.20,370.4 1 18
github.com/orchard9/pg-goapi/cmd/pg-goapi/main.go:372.2,372.15 1 13
github.com/orchard9/pg-goapi/cmd/pg-goapi/main.go:375.17,401.2 25 0
github.com/orchard9/pg-goapi/internal/converter/components.go:4.94,8.76 2 6
github.com/orchard9/pg-goapi/internal/converter/components.go:8.76,10.45 2 3
github.com/orchard9/pg-goapi/internal/converter/components.go:10.45,12.4 1 293
github.com/orchard9/pg-goapi/internal/converter/components.go:13.3,13.34 1 3
github.com/orchard9/pg-goapi/internal/converter/components.go:17.2,17.74 1 6
github.com/orchard9/pg-goapi/internal/converter/components.go:17.74,19.39 2 0
github.com/orchard9/pg-goapi/internal/converter/components.go:19.39,20.51 1 0
github.com/orchard9/pg-goapi/internal/converter/components.go:20.51,21.26 1 0
github.com/orchard9/pg-goapi/internal/converter/components.go:21.26,24.14 1 0
github.com/orchard9/pg-goapi/internal/converter/components.go:26.5,26.50 1 0
github.com/orchard9/pg-goapi/internal/converter/components.go:29.3,29.31 1 0
github.com/orchard9/pg-goapi/internal/converter/components.go:29.31,31.4 1 0
github.com/orchard9/pg-goapi/internal/converter/components.go:35.2,35.72 1 6
github.com/orchard9/pg-goapi/internal/converter/components.go:35.72,37.41 2 0
github.com/orchard9/pg-goapi/internal/converter/components.go:37.41,38.54 1 0
github.com/orchard9/pg-goapi/internal/converter/components.go:38.54,40.5 1 0
github.com/orchard9/pg-goapi/internal/converter/components.go:42.3,42.34 1 0
github.com/orchard9/pg-goapi/internal/converter/components.go:42.34,44.4 1 0
github.com/orchard9/pg-goapi/internal/converter/components.go:48.2,48.80 1 6
github.com/orchard9/pg-goapi/internal/converter/components.go:48.80,50.37 2 1
github.com/orchard9/pg-goapi/internal/converter/components.go:50.37,51.53 1 2
github.com/orchard9/pg-goapi/internal/converter/components.go:51.53,53.5 1 2
github.com/orchard9/pg-goapi/internal/converter/components.go:55.3,55.50 1 1
github.com/orchard9/pg-goapi/internal/converter/components.go:58.2,58.19 1 6
github.com/orchard9/pg-goapi/internal/converter/components.go:62.67,63.28 1 1720
github.com/orchard9/pg-goapi/internal/converter/components.go:64.30,68.40 2 1720
github.com/orchard9/pg-goapi/internal/converter/components.go:68.40,71.4 2 299
github.com/orchard9/pg-goapi/internal/converter/components.go:74.3,84.36 2 1421
github.com/orchard9/pg-goapi/internal/converter/components.go:84.36,85.32 1 39788
github.com/orchard9/pg-goapi/internal/converter/components.go:85.32,87.5 1 2531
github.com/orchard9/pg-goapi/internal/converter/components.go:91.3,91.64 1 1421
github.com/orchard9/pg-goapi/internal/converter/components.go:91.64,93.34 2 305
github.com/orchard9/pg-goapi/internal/converter/components.go:93.34,95.5 1 1231
github.com/orchard9/pg-goapi/internal/converter/components.go:96.4,96.44 1 305
github.com/orchard9/pg-goapi/internal/converter/components.go:100.3,100.34 1 1421
github.com/orchard9/pg-goapi/internal/converter/components.go:100.34,102.4 1 136
github.com/orchard9/pg-goapi/internal/converter/components.go:105.3,105.52 1 1421
github.com/orchard9/pg-goapi/internal/converter/components.go:105.52,107.4 1 29
github.com/orchard9/pg-goapi/internal/converter/components.go:110.3,110.59 1 1421
github.com/orchard9/pg-goapi/internal/converter/components.go:110.59,111.49 1 4263
github.com/orchard9/pg-goapi/internal/converter/components.go:111.49,113.36 2 0
github.com/orchard9/pg-goapi/internal/converter/components.go:113.36,115.6 1 0
github.com/orchard9/pg-goapi/internal/converter/components.go:116.5,116.38 1 0
github.com/orchard9/pg-goapi/internal/converter/components.go:120.3,120.19 1 1421
github.com/orchard9/pg-goapi/internal/converter/components.go:121.10,122.11 1 0
github.com/orchard9/pg-goapi/internal/converter/components.go:127.70,128.50 1 537
github.com/orchard9/pg-goapi/internal/converter/components.go:128.50,129.40 1 537
github.com/orchard9/pg-goapi/internal/converter/components.go:129.40,133.4 1 506
github.com/orchard9/pg-goapi/internal/converter/components.go:135.2,135.32 1 31
github.com/orchard9/pg-goapi/internal/converter/components.go:139.51,141.51 1 805
github.com/orchard9/pg-goapi/internal/converter/components.go:141.51,143.3 1 805
github.com/orchard9/pg-goapi/internal/converter/components.go:146.2,146.50 1 0
github.com/orchard9/pg-goapi/internal/converter/components.go:146.50,148.3 1 0
github.com/orchard9/pg-goapi/internal/converter/components.go:151.2,151.49 1 0
github.com/orchard9/pg-goapi/internal/converter/components.go:151.49,153.3 1 0
github.com/orchard9/pg-goapi/internal/converter/components.go:155.2,155.12 1 0
github.com/orchard9/pg-goapi/internal/converter/components.go:159.97,164.17 3 2
github.com/orchard9/pg-goapi/internal/converter/components.go:165.15,167.32 2 0
github.com/orchard9/pg-goapi/internal/converter/components.go:169.16,171.37 2 1
github.com/orchard9/pg-goapi/internal/converter/components.go:171.37,173.4 1 1
github.com/orchard9/pg-goapi/internal/converter/components.go:174.3,174.33 1 1
github.com/orchard9/pg-goapi/internal/converter/components.go:174.33,176.4 1 1
github.com/orchard9/pg-goapi/internal/converter/components.go:178.16,183.15 4 1
github.com/orchard9/pg-goapi/internal/converter/components.go:184.19,186.53 2 1
github.com/orchard9/pg-goapi/internal/converter/components.go:186.53,188.5 1 1
github.com/orchard9/pg-goapi/internal/converter/components.go:189.4,189.42 1 1
github.com/orchard9/pg-goapi/internal/converter/components.go:189.42,191.5 1 1
github.com/orchard9/pg-goapi/internal/converter/components.go:192.4,192.32 1 1
github.com/orchard9/pg-goapi/internal/converter/components.go:194.19,196.46 2 0
github.com/orchard9/pg-goapi/internal/converter/components.go:196.46,198.5 1 0
github.com/orchard9/pg-goapi/internal/converter/components.go:199.4,199.42 1 0
github.com/orchard9/pg-goapi/internal/converter/components.go:199.42,201.5 1 0
github.com/orchard9/pg-goapi/internal/converter/components.go:202.4,202.32 1 0
github.com/orchard9/pg-goapi/internal/converter/components.go:204.22,206.46 2 0
github.com/orchard9/pg-goapi/internal/converter/components.go:206.46,208.5 1 0
github.com/orchard9/pg-goapi/internal/converter/components.go:209.4,209.42 1 0
github.com/orchard9/pg-goapi/internal/converter/components.go:209.42,211.5 1 0
github.com/orchard9/pg-goapi/internal/converter/components.go:212.4,212.44 1 0
github.com/orchard9/pg-goapi/internal/converter/components.go:214.21,216.53 2 0
github.com/orchard9/pg-goapi/internal/converter/components.go:216.53,218.5 1 0
github.com/orchard9/pg-goapi/internal/converter/components.go:219.4,219.46 1 0
github.com/orchard9/pg-goapi/internal/converter/components.go:219.46,221.5 1 0
github.com/orchard9/pg-goapi/internal/converter/components.go:222.4,222.42 1 0
github.com/orchard9/pg-goapi/internal/converter/components.go:222.42,224.5 1 0
github.com/orchard9/pg-goapi/internal/converter/components.go:225.4,225.41 1 0
github.com/orchard9/pg-goapi/internal/converter/components.go:228.3,228.29 1 1
github.com/orchard9/pg-goapi/internal/converter/components.go:232.2,232.43 1 2
github.com/orchard9/pg-goapi/internal/converter/components.go:232.43,234.3 1 0
github.com/orchard9/pg-goapi/internal/converter/components.go:236.2,236.18 1 2
github.com/orchard9/pg-goapi/internal/converter/converter.go:16.22,18.2 1 7
github.com/orchard9/pg-goapi/internal/converter/converter.go:23.61,26.62 2 8
github.com/orchard9/pg-goapi/internal/converter/converter.go:26.62,28.3 1 0
github.com/orchard9/pg-goapi/internal/converter/converter.go:31.2,32.29 2 8
github.com/orchard9/pg-goapi/internal/converter/converter.go:32.29,34.3 1 1
github.com/orchard9/pg-goapi/internal/converter/converter.go:37.2,37.39 1 7
github.com/orchard9/pg-goapi/internal/converter/converter.go:37.39,39.3 1 1
github.com/orchard9/pg-goapi/internal/converter/converter.go:42.2,47.66 2 6
github.com/orchard9/pg-goapi/internal/converter/converter.go:47.66,49.3 1 6
github.com/orchard9/pg-goapi/internal/converter/converter.go:52.2,53.22 2 6
github.com/orchard9/pg-goapi/internal/converter/converter.go:53.22,55.3 1 2
github.com/orchard9/pg-goapi/internal/converter/converter.go:58.2,58.68 1 6
github.com/orchard9/pg-goapi/internal/converter/converter.go:58.68,60.3 1 6
github.com/orchard9/pg-goapi/internal/converter/converter.go:60.8,62.3 1 0
github.com/orchard9/pg-goapi/internal/converter/converter.go:65.2,66.25 2 6
github.com/orchard9/pg-goapi/internal/converter/converter.go:66.25,68.3 1 4
github.com/orchard9/pg-goapi/internal/converter/converter.go:71.2,71.49 1 6
github.com/orchard9/pg-goapi/internal/converter/converter.go:71.49,73.3 1 0
github.com/orchard9/pg-goapi/internal/converter/converter.go:76.2,76.41 1 6
github.com/orchard9/pg-goapi/internal/converter/converter.go:76.41,78.3 1 2
github.com/orchard9/pg-goapi/internal/converter/converter.go:81.2,81.49 1 6
github.com/orchard9/pg-goapi/internal/converter/converter.go:81.49,83.3 1 0
github.com/orchard9/pg-goapi/internal/converter/converter.go:86.2,87.16 2 6
github.com/orchard9/pg-goapi/internal/converter/converter.go:87.16,89.3 1 0
github.com/orchard9/pg-goapi/internal/converter/converter.go:91.2,91.20 1 6
github.com/orchard9/pg-goapi/internal/converter/paths.go:4.87,7.36 2 6
github.com/orchard9/pg-goapi/internal/converter/paths.go:7.36,8.59 1 92
github.com/orchard9/pg-goapi/internal/converter/paths.go:8.59,12.43 2 92
github.com/orchard9/pg-goapi/internal/converter/paths.go:12.43,13.60 1 105
github.com/orchard9/pg-goapi/internal/converter/paths.go:13.60,15.6 1 105
github.com/orchard9/pg-goapi/internal/converter/paths.go:18.4,18.40 1 92
github.com/orchard9/pg-goapi/internal/converter/paths.go:22.2,22.23 1 6
github.com/orchard9/pg-goapi/internal/converter/paths.go:26.95,31.37 3 105
github.com/orchard9/pg-goapi/internal/converter/paths.go:31.37,32.40 1 630
github.com/orchard9/pg-goapi/internal/converter/paths.go:32.40,34.4 1 293
github.com/orchard9/pg-goapi/internal/converter/paths.go:38.2,38.63 1 105
github.com/orchard9/pg-goapi/internal/converter/paths.go:38.63,40.31 2 102
github.com/orchard9/pg-goapi/internal/converter/paths.go:40.31,42.4 1 78
github.com/orchard9/pg-goapi/internal/converter/paths.go:43.3,43.25 1 102
github.com/orchard9/pg-goapi/internal/converter/paths.go:43.25,45.4 1 51
github.com/orchard9/pg-goapi/internal/converter/paths.go:49.2,49.74 1 105
github.com/orchard9/pg-goapi/internal/converter/paths.go:49.74,51.3 1 105
github.com/orchard9/pg-goapi/internal/converter/paths.go:54.2,54.84 1 105
github.com/orchard9/pg-goapi/internal/converter/paths.go:54.84,57.3 1 1
github.com/orchard9/pg-goapi/internal/converter/paths.go:60.2,60.84 1 105
github.com/orchard9/pg-goapi/internal/converter/paths.go:60.84,62.70 1 0
github.com/orchard9/pg-goapi/internal/converter/paths.go:62.70,64.4 1 0
github.com/orchard9/pg-goapi/internal/converter/paths.go:67.2,67.18 1 105
github.com/orchard9/pg-goapi/internal/converter/paths.go:71.101,75.31 3 102
github.com/orchard9/pg-goapi/internal/converter/paths.go:75.31,76.50 1 230
github.com/orchard9/pg-goapi/internal/converter/paths.go:76.50,77.25 1 230
github.com/orchard9/pg-goapi/internal/converter/paths.go:77.25,80.5 1 51
github.com/orchard9/pg-goapi/internal/converter/paths.go:80.10,83.5 1 179
github.com/orchard9/pg-goapi/internal/converter/paths.go:87.2,87.32 1 102
github.com/orchard9/pg-goapi/internal/converter/paths.go:91.91,96.31 3 179
github.com/orchard9/pg-goapi/internal/converter/paths.go:96.31,97.36 1 1074
github.com/orchard9/pg-goapi/internal/converter/paths.go:97.36,99.4 1 623
github.com/orchard9/pg-goapi/internal/converter/paths.go:103.2,106.32 2 179
github.com/orchard9/pg-goapi/internal/converter/paths.go:106.32,108.35 2 179
github.com/orchard9/pg-goapi/internal/converter/paths.go:108.35,110.4 1 24
github.com/orchard9/pg-goapi/internal/converter/paths.go:114.2,114.37 1 179
github.com/orchard9/pg-goapi/internal/converter/paths.go:114.37,116.3 1 6
github.com/orchard9/pg-goapi/internal/converter/paths.go:119.2,120.35 2 179
github.com/orchard9/pg-goapi/internal/converter/paths.go:120.35,121.35 1 895
github.com/orchard9/pg-goapi/internal/converter/paths.go:121.35,123.4 1 16
github.com/orchard9/pg-goapi/internal/converter/paths.go:126.2,128.18 2 179
github.com/orchard9/pg-goapi/internal/converter/paths.go:132.95,135.42 2 51
github.com/orchard9/pg-goapi/internal/converter/paths.go:135.42,137.3 1 3
github.com/orchard9/pg-goapi/internal/converter/paths.go:139.2,139.38 1 51
github.com/orchard9/pg-goapi/internal/converter/paths.go:139.38,141.3 1 50
github.com/orchard9/pg-goapi/internal/converter/paths.go:144.2,147.39 3 51
github.com/orchard9/pg-goapi/internal/converter/paths.go:147.39,149.3 1 51
github.com/orchard9/pg-goapi/internal/converter/paths.go:151.2,154.20 3 51
github.com/orchard9/pg-goapi/internal/converter/paths.go:158.97,159.72 1 0
github.com/orchard9/pg-goapi/internal/converter/paths.go:159.72,162.37 2 0
github.com/orchard9/pg-goapi/internal/converter/paths.go:162.37,163.56 1 0
github.com/orchard9/pg-goapi/internal/converter/paths.go:163.56,164.34 1 0
github.com/orchard9/pg-goapi/internal/converter/paths.go:164.34,166.11 2 0
github.com/orchard9/pg-goapi/internal/converter/paths.go:172.3,175.40 3 0
github.com/orchard9/pg-goapi/internal/converter/paths.go:175.40,176.42 1 0
github.com/orchard9/pg-goapi/internal/converter/paths.go:176.42,180.5 1 0
github.com/orchard9/pg-goapi/internal/converter/responses.go:4.95,7.42 2 105
github.com/orchard9/pg-goapi/internal/converter/responses.go:7.42,8.59 1 489
github.com/orchard9/pg-goapi/internal/converter/responses.go:8.59,10.4 1 489
github.com/orchard9/pg-goapi/internal/converter/responses.go:13.2,13.18 1 105
github.com/orchard9/pg-goapi/internal/converter/responses.go:17.93,21.45 2 489
github.com/orchard9/pg-goapi/internal/converter/responses.go:21.45,23.3 1 489
github.com/orchard9/pg-goapi/internal/converter/responses.go:23.8,25.3 1 0
github.com/orchard9/pg-goapi/internal/converter/responses.go:28.2,28.69 1 489
github.com/orchard9/pg-goapi/internal/converter/responses.go:28.69,30.3 1 0
github.com/orchard9/pg-goapi/internal/converter/responses.go:33.2,33.42 1 489
github.com/orchard9/pg-goapi/internal/converter/responses.go:33.42,42.3 4 486
github.com/orchard9/pg-goapi/internal/converter/responses.go:45.2,45.46 1 489
github.com/orchard9/pg-goapi/internal/converter/responses.go:45.46,46.71 1 3
github.com/orchard9/pg-goapi/internal/converter/responses.go:46.71,47.48 1 3
github.com/orchard9/pg-goapi/internal/converter/responses.go:47.48,48.57 1 3
github.com/orchard9/pg-goapi/internal/converter/responses.go:48.57,49.82 1 3
github.com/orchard9/pg-goapi/internal/converter/responses.go:49.82,51.7 1 3
github.com/orchard9/pg-goapi/internal/converter/responses.go:57.2,57.18 1 489
github.com/orchard9/pg-goapi/internal/converter/responses.go:61.91,64.36 2 0
github.com/orchard9/pg-goapi/internal/converter/responses.go:64.36,65.51 1 0
github.com/orchard9/pg-goapi/internal/converter/responses.go:65.51,69.40 2 0
github.com/orchard9/pg-goapi/internal/converter/responses.go:69.40,71.5 1 0
github.com/orchard9/pg-goapi/internal/converter/responses.go:74.4,75.30 2 0
github.com/orchard9/pg-goapi/internal/converter/responses.go:75.30,77.5 1 0
github.com/orchard9/pg-goapi/internal/converter/responses.go:78.4,78.32 1 0
github.com/orchard9/pg-goapi/internal/converter/responses.go:78.32,80.5 1 0
github.com/orchard9/pg-goapi/internal/converter/responses.go:82.4,83.37 2 0
github.com/orchard9/pg-goapi/internal/converter/responses.go:87.2,87.18 1 0
github.com/orchard9/pg-goapi/internal/converter/servers.go:6.93,13.30 5 6
github.com/orchard9/pg-goapi/internal/converter/servers.go:13.30,16.3 1 4
github.com/orchard9/pg-goapi/internal/converter/servers.go:19.2,19.14 1 2
github.com/orchard9/pg-goapi/internal/converter/servers.go:19.14,21.3 1 0
github.com/orchard9/pg-goapi/internal/converter/servers.go:22.2,22.18 1 2
github.com/orchard9/pg-goapi/internal/converter/servers.go:22.18,24.3 1 0
github.com/orchard9/pg-goapi/internal/converter/servers.go:25.2,25.38 1 2
github.com/orchard9/pg-goapi/internal/converter/servers.go:25.38,27.3 1 0
github.com/orchard9/pg-goapi/internal/converter/servers.go:30.2,30.33 1 2
github.com/orchard9/pg-goapi/internal/converter/servers.go:30.33,31.43 1 3
github.com/orchard9/pg-goapi/internal/converter/servers.go:31.43,37.97 2 3
github.com/orchard9/pg-goapi/internal/converter/servers.go:37.97,39.5 1 0
github.com/orchard9/pg-goapi/internal/converter/servers.go:41.4,41.37 1 3
github.com/orchard9/pg-goapi/internal/converter/servers.go:45.2,45.16 1 2
github.com/orchard9/pg-goapi/internal/reporter/reporter.go:21.21,23.2 1 5
github.com/orchard9/pg-goapi/internal/reporter/reporter.go:27.90,28.16 1 5
github.com/orchard9/pg-goapi/internal/reporter/reporter.go:29.14,30.34 1 1
github.com/orchard9/pg-goapi/internal/reporter/reporter.go:31.12,32.41 1 1
github.com/orchard9/pg-goapi/internal/reporter/reporter.go:33.10,34.38 1 3
github.com/orchard9/pg-goapi/internal/reporter/reporter.go:39.83,45.32 3 3
github.com/orchard9/pg-goapi/internal/reporter/reporter.go:45.32,47.3 1 1
github.com/orchard9/pg-goapi/internal/reporter/reporter.go:50.2,53.28 4 3
github.com/orchard9/pg-goapi/internal/reporter/reporter.go:53.28,55.3 1 1
github.com/orchard9/pg-goapi/internal/reporter/reporter.go:56.2,72.50 11 3
github.com/orchard9/pg-goapi/internal/reporter/reporter.go:72.50,74.3 1 1
github.com/orchard9/pg-goapi/internal/reporter/reporter.go:76.2,76.43 1 3
github.com/orchard9/pg-goapi/internal/reporter/reporter.go:76.43,78.3 1 3
github.com/orchard9/pg-goapi/internal/reporter/reporter.go:81.2,81.44 1 3
github.com/orchard9/pg-goapi/internal/reporter/reporter.go:81.44,93.3 8 1
github.com/orchard9/pg-goapi/internal/reporter/reporter.go:96.2,96.32 1 3
github.com/orchard9/pg-goapi/internal/reporter/reporter.go:96.32,98.45 2 1
github.com/orchard9/pg-goapi/internal/reporter/reporter.go:98.45,104.33 5 1
github.com/orchard9/pg-goapi/internal/reporter/reporter.go:104.33,106.46 2 1
github.com/orchard9/pg-goapi/internal/reporter/reporter.go:106.46,108.6 1 1
github.com/orchard9/pg-goapi/internal/reporter/reporter.go:109.5,109.25 1 1
github.com/orchard9/pg-goapi/internal/reporter/reporter.go:114.2,114.25 1 3
github.com/orchard9/pg-goapi/internal/reporter/reporter.go:118.88,121.32 2 3
github.com/orchard9/pg-goapi/internal/reporter/reporter.go:121.32,123.3 1 2
github.com/orchard9/pg-goapi/internal/reporter/reporter.go:125.2,125.29 1 3
github.com/orchard9/pg-goapi/internal/reporter/reporter.go:125.29,127.3 1 0
github.com/orchard9/pg-goapi/internal/reporter/reporter.go:129.2,129.27 1 3
github.com/orchard9/pg-goapi/internal/reporter/reporter.go:129.27,131.3 1 0
github.com/orchard9/pg-goapi/internal/reporter/reporter.go:133.2,138.44 4 3
github.com/orchard9/pg-goapi/internal/reporter/reporter.go:138.44,139.49 1 9
github.com/orchard9/pg-goapi/internal/reporter/reporter.go:139.49,141.4 1 9
github.com/orchard9/pg-goapi/internal/reporter/reporter.go:142.3,142.47 1 0
github.com/orchard9/pg-goapi/internal/reporter/reporter.go:146.2,149.31 3 3
github.com/orchard9/pg-goapi/internal/reporter/reporter.go:149.31,151.20 2 9
github.com/orchard9/pg-goapi/internal/reporter/reporter.go:151.20,153.4 1 5
github.com/orchard9/pg-goapi/internal/reporter/reporter.go:154.3,154.24 1 9
github.com/orchard9/pg-goapi/internal/reporter/reporter.go:154.24,156.4 1 0
github.com/orchard9/pg-goapi/internal/reporter/reporter.go:159.3,161.83 2 9
github.com/orchard9/pg-goapi/internal/reporter/reporter.go:164.2,167.31 2 3
github.com/orchard9/pg-goapi/internal/reporter/reporter.go:167.31,169.3 1 9
github.com/orchard9/pg-goapi/internal/reporter/reporter.go:173.84,174.79 1 9
github.com/orchard9/pg-goapi/internal/reporter/reporter.go:174.79,176.3 1 8
github.com/orchard9/pg-goapi/internal/reporter/reporter.go:178.2,180.26 2 1
github.com/orchard9/pg-goapi/internal/reporter/reporter.go:180.26,182.3 1 1
github.com/orchard9/pg-goapi/internal/reporter/reporter.go:184.2,184.22 1 1
github.com/orchard9/pg-goapi/internal/reporter/reporter.go:184.22,186.3 1 0
github.com/orchard9/pg-goapi/internal/reporter/reporter.go:188.2,188.19 1 1
github.com/orchard9/pg-goapi/internal/reporter/reporter.go:188.19,190.3 1 0
github.com/orchard9/pg-goapi/internal/reporter/reporter.go:193.2,193.28 1 1
github.com/orchard9/pg-goapi/internal/reporter/reporter.go:193.28,198.39 4 1
github.com/orchard9/pg-goapi/internal/reporter/reporter.go:198.39,200.22 2 1
github.com/orchard9/pg-goapi/internal/reporter/reporter.go:200.22,202.5 1 0
github.com/orchard9/pg-goapi/internal/reporter/reporter.go:204.4,205.22 2 1
github.com/orchard9/pg-goapi/internal/reporter/reporter.go:205.22,207.5 1 0
github.com/orchard9/pg-goapi/internal/reporter/reporter.go:209.4,210.55 1 1
github.com/orchard9/pg-goapi/internal/reporter/reporter.go:212.3,212.23 1 1
github.com/orchard9/pg-goapi/internal/reporter/reporter.go:216.2,216.27 1 1
github.com/orchard9/pg-goapi/internal/reporter/reporter.go:216.27,218.39 2 0
github.com/orchard9/pg-goapi/internal/reporter/reporter.go:218.39,220.4 1 0
github.com/orchard9/pg-goapi/internal/reporter/reporter.go:221.3,222.30 2 0
github.com/orchard9/pg-goapi/internal/reporter/reporter.go:222.30,224.4 1 0
github.com/orchard9/pg-goapi/internal/reporter/reporter.go:225.3,225.23 1 0
github.com/orchard9/pg-goapi/internal/reporter/reporter.go:229.2,229.27 1 1
github.com/orchard9/pg-goapi/internal/reporter/reporter.go:229.27,234.37 4 1
github.com/orchard9/pg-goapi/internal/reporter/reporter.go:234.37,236.22 2 1
github.com/orchard9/pg-goapi/internal/reporter/reporter.go:236.22,238.5 1 0
github.com/orchard9/pg-goapi/internal/reporter/reporter.go:240.4,241.25 2 1
github.com/orchard9/pg-goapi/internal/reporter/reporter.go:241.25,243.5 1 0
github.com/orchard9/pg-goapi/internal/reporter/reporter.go:245.4,246.41 1 1
github.com/orchard9/pg-goapi/internal/reporter/reporter.go:248.3,248.23 1 1
github.com/orchard9/pg-goapi/internal/reporter/reporter.go:251.2,251.27 1 1
github.com/orchard9/pg-goapi/internal/reporter/reporter.go:255.96,256.37 1 1
github.com/orchard9/pg-goapi/internal/reporter/reporter.go:256.37,257.39 1 2
github.com/orchard9/pg-goapi/internal/reporter/reporter.go:257.39,258.12 1 0
github.com/orchard9/pg-goapi/internal/reporter/reporter.go:261.3,263.46 2 2
github.com/orchard9/pg-goapi/internal/reporter/reporter.go:263.46,265.21 2 2
github.com/orchard9/pg-goapi/internal/reporter/reporter.go:265.21,267.5 1 2
github.com/orchard9/pg-goapi/internal/reporter/reporter.go:268.4,270.29 2 2
github.com/orchard9/pg-goapi/internal/reporter/reporter.go:270.29,272.5 1 2
github.com/orchard9/pg-goapi/internal/reporter/reporter.go:274.3,274.23 1 2
github.com/orchard9/pg-goapi/internal/reporter/reporter.go:279.71,280.37 1 3
github.com/orchard9/pg-goapi/internal/reporter/reporter.go:280.37,281.38 1 2
github.com/orchard9/pg-goapi/internal/reporter/reporter.go:281.38,283.4 1 1
github.com/orchard9/pg-goapi/internal/reporter/reporter.go:285.2,285.14 1 2
github.com/orchard9/pg-goapi/internal/reporter/reporter.go:289.79,294.37 3 4
github.com/orchard9/pg-goapi/internal/reporter/reporter.go:294.37,296.3 1 10
github.com/orchard9/pg-goapi/internal/reporter/reporter.go:299.2,299.37 1 4
github.com/orchard9/pg-goapi/internal/reporter/reporter.go:299.37,300.46 1 10
github.com/orchard9/pg-goapi/internal/reporter/reporter.go:300.46,304.4 2 12
github.com/orchard9/pg-goapi/internal/reporter/reporter.go:307.2,307.20 1 4
github.com/orchard9/pg-goapi/internal/reporter/reporter.go:311.60,312.18 1 16
github.com/orchard9/pg-goapi/internal/reporter/reporter.go:313.16,314.15 1 9
github.com/orchard9/pg-goapi/internal/reporter/reporter.go:315.24,316.16 1 6
github.com/orchard9/pg-goapi/internal/reporter/reporter.go:317.10,318.15 1 1
github.com/orchard9/pg-goapi/internal/reporter/reporter.go:323.51,324.16 1 25
github.com/orchard9/pg-goapi/internal/reporter/reporter.go:325.13,326.11 1 5
github.com/orchard9/pg-goapi/internal/reporter/reporter.go:327.14,328.11 1 6
github.com/orchard9/pg-goapi/internal/reporter/reporter.go:329.13,330.11 1 4
github.com/orchard9/pg-goapi/internal/reporter/reporter.go:331.15,332.11 1 3
github.com/orchard9/pg-goapi/internal/reporter/reporter.go:333.16,334.11 1 5
github.com/orchard9/pg-goapi/internal/reporter/reporter.go:335.10,336.11 1 2
github.com/orchard9/pg-goapi/internal/reporter/reporter.go:341.79,343.16 2 1
github.com/orchard9/pg-goapi/internal/reporter/reporter.go:343.16,345.3 1 0
github.com/orchard9/pg-goapi/internal/reporter/reporter.go:346.2,346.26 1 1
github.com/orchard9/pg-goapi/internal/reporter/reporter.go:350.86,360.46 5 1
github.com/orchard9/pg-goapi/internal/reporter/reporter.go:360.46,363.38 2 2
github.com/orchard9/pg-goapi/internal/reporter/reporter.go:363.38,365.47 2 1
github.com/orchard9/pg-goapi/internal/reporter/reporter.go:365.47,367.5 1 1
github.com/orchard9/pg-goapi/internal/reporter/reporter.go:368.4,368.71 1 1
github.com/orchard9/pg-goapi/internal/reporter/reporter.go:370.3,370.23 1 2
github.com/orchard9/pg-goapi/internal/reporter/reporter.go:373.2,374.46 2 1
github.com/orchard9/pg-goapi/internal/reporter/reporter.go:374.46,375.42 1 2
github.com/orchard9/pg-goapi/internal/reporter/reporter.go:375.42,376.28 1 3
github.com/orchard9/pg-goapi/internal/reporter/reporter.go:376.28,378.25 2 3
github.com/orchard9/pg-goapi/internal/reporter/reporter.go:378.25,380.27 2 3
github.com/orchard9/pg-goapi/internal/reporter/reporter.go:380.27,382.7 1 0
github.com/orchard9/pg-goapi/internal/reporter/reporter.go:383.6,383.51 1 3
github.com/orchard9/pg-goapi/internal/reporter/reporter.go:385.5,385.25 1 3
github.com/orchard9/pg-goapi/internal/reporter/reporter.go:390.2,390.25 1 1
github.com/orchard9/pg-goapi/internal/reporter/reporter.go:394.61,396.94 1 8
github.com/orchard9/pg-goapi/internal/reporter/reporter.go:396.94,398.3 1 5
github.com/orchard9/pg-goapi/internal/reporter/reporter.go:401.2,401.46 1 3
github.com/orchard9/pg-goapi/internal/reporter/reporter.go:401.46,403.3 1 1
github.com/orchard9/pg-goapi/internal/reporter/reporter.go:405.2,405.14 1 2
github.com/orchard9/pg-goapi/internal/reporter/reporter.go:409.33,410.13 1 6
github.com/orchard9/pg-goapi/internal/reporter/reporter.go:410.13,412.3 1 0
github.com/orchard9/pg-goapi/internal/reporter/reporter.go:413.2,415.22 3 6
github.com/orchard9/pg-goapi/internal/analyzer/analyzer.go:19.21,24.2 1 11
github.com/orchard9/pg-goapi/internal/analyzer/analyzer.go:31.83,32.17 1 11
github.com/orchard9/pg-goapi/internal/analyzer/analyzer.go:32.17,34.3 1 0
github.com/orchard9/pg-goapi/internal/analyzer/analyzer.go:37.2,47.51 5 11
github.com/orchard9/pg-goapi/internal/analyzer/analyzer.go:47.51,49.3 1 0
github.com/orchard9/pg-goapi/internal/analyzer/analyzer.go:52.2,53.27 2 11
github.com/orchard9/pg-goapi/internal/analyzer/analyzer.go:53.27,55.3 1 1
github.com/orchard9/pg-goapi/internal/analyzer/analyzer.go:58.2,70.22 2 11
github.com/orchard9/pg-goapi/internal/analyzer/analyzer.go:74.112,78.37 3 11
github.com/orchard9/pg-goapi/internal/analyzer/analyzer.go:78.37,80.35 2 86
github.com/orchard9/pg-goapi/internal/analyzer/analyzer.go:80.35,82.4 1 86
github.com/orchard9/pg-goapi/internal/analyzer/analyzer.go:86.2,88.20 3 11
github.com/orchard9/pg-goapi/internal/analyzer/analyzer.go:88.20,90.21 2 10
github.com/orchard9/pg-goapi/internal/analyzer/analyzer.go:90.21,92.4 1 1
github.com/orchard9/pg-goapi/internal/analyzer/analyzer.go:95.2,100.3 1 11
github.com/orchard9/pg-goapi/internal/analyzer/patterns.go:20.43,22.2 1 1
github.com/orchard9/pg-goapi/internal/analyzer/patterns.go:25.86,29.58 2 8
github.com/orchard9/pg-goapi/internal/analyzer/patterns.go:29.58,31.3 1 2
github.com/orchard9/pg-goapi/internal/analyzer/patterns.go:34.2,34.57 1 8
github.com/orchard9/pg-goapi/internal/analyzer/patterns.go:34.57,36.3 1 2
github.com/orchard9/pg-goapi/internal/analyzer/patterns.go:39.2,39.55 1 8
github.com/orchard9/pg-goapi/internal/analyzer/patterns.go:39.55,41.3 1 2
github.com/orchard9/pg-goapi/internal/analyzer/patterns.go:44.2,44.58 1 8
github.com/orchard9/pg-goapi/internal/analyzer/patterns.go:44.58,46.3 1 2
github.com/orchard9/pg-goapi/internal/analyzer/patterns.go:49.2,49.63 1 8
github.com/orchard9/pg-goapi/internal/analyzer/patterns.go:49.63,51.3 1 1
github.com/orchard9/pg-goapi/internal/analyzer/patterns.go:54.2,54.54 1 8
github.com/orchard9/pg-goapi/internal/analyzer/patterns.go:54.54,56.3 1 1
github.com/orchard9/pg-goapi/internal/analyzer/patterns.go:59.2,59.62 1 8
github.com/orchard9/pg-goapi/internal/analyzer/patterns.go:59.62,61.3 1 1
github.com/orchard9/pg-goapi/internal/analyzer/patterns.go:63.2,63.17 1 8
github.com/orchard9/pg-goapi/internal/analyzer/patterns.go:67.87,71.41 3 8
github.com/orchard9/pg-goapi/internal/analyzer/patterns.go:71.41,73.26 2 14
github.com/orchard9/pg-goapi/internal/analyzer/patterns.go:73.26,74.17 1 112
github.com/orchard9/pg-goapi/internal/analyzer/patterns.go:74.17,75.13 1 98
github.com/orchard9/pg-goapi/internal/analyzer/patterns.go:78.4,78.45 1 14
github.com/orchard9/pg-goapi/internal/analyzer/patterns.go:78.45,81.41 2 3
github.com/orchard9/pg-goapi/internal/analyzer/patterns.go:81.41,82.24 1 8
github.com/orchard9/pg-goapi/internal/analyzer/patterns.go:83.32,84.43 1 2
github.com/orchard9/pg-goapi/internal/analyzer/patterns.go:85.20,86.45 1 1
github.com/orchard9/pg-goapi/internal/analyzer/patterns.go:87.56,88.45 1 0
github.com/orchard9/pg-goapi/internal/analyzer/patterns.go:95.2,95.24 1 8
github.com/orchard9/pg-goapi/internal/analyzer/patterns.go:95.24,97.3 1 6
github.com/orchard9/pg-goapi/internal/analyzer/patterns.go:99.2,100.33 2 2
github.com/orchard9/pg-goapi/internal/analyzer/patterns.go:100.33,102.3 1 3
github.com/orchard9/pg-goapi/internal/analyzer/patterns.go:104.2,113.3 2 2
github.com/orchard9/pg-goapi/internal/analyzer/patterns.go:117.86,121.41 3 8
github.com/orchard9/pg-goapi/internal/analyzer/patterns.go:121.41,123.26 2 14
github.com/orchard9/pg-goapi/internal/analyzer/patterns.go:123.26,124.41 1 112
github.com/orchard9/pg-goapi/internal/analyzer/patterns.go:124.41,125.13 1 104
github.com/orchard9/pg-goapi/internal/analyzer/patterns.go:128.4,129.40 2 8
github.com/orchard9/pg-goapi/internal/analyzer/patterns.go:129.40,130.60 1 17
github.com/orchard9/pg-goapi/internal/analyzer/patterns.go:130.60,133.6 2 4
github.com/orchard9/pg-goapi/internal/analyzer/patterns.go:136.4,136.17 1 8
github.com/orchard9/pg-goapi/internal/analyzer/patterns.go:136.17,138.5 1 2
github.com/orchard9/pg-goapi/internal/analyzer/patterns.go:142.2,142.24 1 8
github.com/orchard9/pg-goapi/internal/analyzer/patterns.go:142.24,144.3 1 6
github.com/orchard9/pg-goapi/internal/analyzer/patterns.go:147.2,148.41 2 2
github.com/orchard9/pg-goapi/internal/analyzer/patterns.go:148.41,149.17 1 4
github.com/orchard9/pg-goapi/internal/analyzer/patterns.go:149.17,151.4 1 0
github.com/orchard9/pg-goapi/internal/analyzer/patterns.go:154.2,155.28 2 2
github.com/orchard9/pg-goapi/internal/analyzer/patterns.go:155.28,157.3 1 0
github.com/orchard9/pg-goapi/internal/analyzer/patterns.go:159.2,165.3 1 2
github.com/orchard9/pg-goapi/internal/analyzer/patterns.go:169.84,173.41 3 8
github.com/orchard9/pg-goapi/internal/analyzer/patterns.go:173.41,175.26 2 14
github.com/orchard9/pg-goapi/internal/analyzer/patterns.go:175.26,176.17 1 112
github.com/orchard9/pg-goapi/internal/analyzer/patterns.go:176.17,177.13 1 98
github.com/orchard9/pg-goapi/internal/analyzer/patterns.go:180.4,180.40 1 14
github.com/orchard9/pg-goapi/internal/analyzer/patterns.go:180.40,181.58 1 14
github.com/orchard9/pg-goapi/internal/analyzer/patterns.go:181.58,184.11 3 3
github.com/orchard9/pg-goapi/internal/analyzer/patterns.go:190.2,190.24 1 8
github.com/orchard9/pg-goapi/internal/analyzer/patterns.go:190.24,192.3 1 6
github.com/orchard9/pg-goapi/internal/analyzer/patterns.go:194.2,195.28 2 2
github.com/orchard9/pg-goapi/internal/analyzer/patterns.go:195.28,197.3 1 3
github.com/orchard9/pg-goapi/internal/analyzer/patterns.go:199.2,208.3 2 2
github.com/orchard9/pg-goapi/internal/analyzer/patterns.go:212.87,215.31 2 8
github.com/orchard9/pg-goapi/internal/analyzer/patterns.go:215.31,216.56 1 14
github.com/orchard9/pg-goapi/internal/analyzer/patterns.go:216.56,218.4 1 5
github.com/orchard9/pg-goapi/internal/analyzer/patterns.go:221.2,221.30 1 8
github.com/orchard9/pg-goapi/internal/analyzer/patterns.go:221.30,223.3 1 6
github.com/orchard9/pg-goapi/internal/analyzer/patterns.go:225.2,227.39 3 2
github.com/orchard9/pg-goapi/internal/analyzer/patterns.go:227.39,229.24 2 4
github.com/orchard9/pg-goapi/internal/analyzer/patterns.go:229.24,231.4 1 4
github.com/orchard9/pg-goapi/internal/analyzer/patterns.go:234.2,243.3 2 2
github.com/orchard9/pg-goapi/internal/analyzer/patterns.go:247.92,250.41 2 8
github.com/orchard9/pg-goapi/internal/analyzer/patterns.go:250.41,254.35 1 14
github.com/orchard9/pg-goapi/internal/analyzer/patterns.go:254.35,256.12 2 2
github.com/orchard9/pg-goapi/internal/analyzer/patterns.go:260.3,261.26 2 12
github.com/orchard9/pg-goapi/internal/analyzer/patterns.go:261.26,262.37 1 96
github.com/orchard9/pg-goapi/internal/analyzer/patterns.go:262.37,266.44 2 0
github.com/orchard9/pg-goapi/internal/analyzer/patterns.go:266.44,268.11 2 0
github.com/orchard9/pg-goapi/internal/analyzer/patterns.go:274.2,274.24 1 8
github.com/orchard9/pg-goapi/internal/analyzer/patterns.go:274.24,276.3 1 7
github.com/orchard9/pg-goapi/internal/analyzer/patterns.go:278.2,284.3 1 1
github.com/orchard9/pg-goapi/internal/analyzer/patterns.go:288.83,292.41 3 8
github.com/orchard9/pg-goapi/internal/analyzer/patterns.go:292.41,294.40 1 14
github.com/orchard9/pg-goapi/internal/analyzer/patterns.go:294.40,296.12 2 1
github.com/orchard9/pg-goapi/internal/analyzer/patterns.go:300.3,301.26 2 13
github.com/orchard9/pg-goapi/internal/analyzer/patterns.go:301.26,302.17 1 104
github.com/orchard9/pg-goapi/internal/analyzer/patterns.go:302.17,303.13 1 91
github.com/orchard9/pg-goapi/internal/analyzer/patterns.go:306.4,306.40 1 13
github.com/orchard9/pg-goapi/internal/analyzer/patterns.go:306.40,307.60 1 16
github.com/orchard9/pg-goapi/internal/analyzer/patterns.go:307.60,310.11 3 1
github.com/orchard9/pg-goapi/internal/analyzer/patterns.go:316.2,316.24 1 8
github.com/orchard9/pg-goapi/internal/analyzer/patterns.go:316.24,318.3 1 7
github.com/orchard9/pg-goapi/internal/analyzer/patterns.go:320.2,321.30 2 1
github.com/orchard9/pg-goapi/internal/analyzer/patterns.go:321.30,323.3 1 1
github.com/orchard9/pg-goapi/internal/analyzer/patterns.go:325.2,326.24 2 1
github.com/orchard9/pg-goapi/internal/analyzer/patterns.go:326.24,328.3 1 1
github.com/orchard9/pg-goapi/internal/analyzer/patterns.go:330.2,336.3 1 1
github.com/orchard9/pg-goapi/internal/analyzer/patterns.go:340.91,341.73 1 8
github.com/orchard9/pg-goapi/internal/analyzer/patterns.go:341.73,343.3 1 7
github.com/orchard9/pg-goapi/internal/analyzer/patterns.go:345.2,346.60 2 1
github.com/orchard9/pg-goapi/internal/analyzer/patterns.go:346.60,347.22 1 2
github.com/orchard9/pg-goapi/internal/analyzer/patterns.go:348.15,349.33 1 1
github.com/orchard9/pg-goapi/internal/analyzer/patterns.go:349.33,351.5 1 1
github.com/orchard9/pg-goapi/internal/analyzer/patterns.go:351.10,353.5 1 0
github.com/orchard9/pg-goapi/internal/analyzer/patterns.go:354.17,355.74 1 1
github.com/orchard9/pg-goapi/internal/analyzer/patterns.go:356.17,357.46 1 0
github.com/orchard9/pg-goapi/internal/analyzer/patterns.go:358.24,359.51 1 0
github.com/orchard9/pg-goapi/internal/analyzer/patterns.go:363.2,363.25 1 1
github.com/orchard9/pg-goapi/internal/analyzer/patterns.go:363.25,365.3 1 0
github.com/orchard9/pg-goapi/internal/analyzer/patterns.go:367.2,371.31 3 1
github.com/orchard9/pg-goapi/internal/analyzer/patterns.go:371.31,372.24 1 0
github.com/orchard9/pg-goapi/internal/analyzer/patterns.go:372.24,374.4 1 0
github.com/orchard9/pg-goapi/internal/analyzer/patterns.go:377.2,383.3 1 1
github.com/orchard9/pg-goapi/internal/analyzer/patterns.go:389.80,397.31 3 19
github.com/orchard9/pg-goapi/internal/analyzer/patterns.go:397.31,398.58 1 27
github.com/orchard9/pg-goapi/internal/analyzer/patterns.go:398.58,400.4 1 14
github.com/orchard9/pg-goapi/internal/analyzer/patterns.go:404.2,404.75 1 19
github.com/orchard9/pg-goapi/internal/analyzer/patterns.go:408.74,409.31 1 0
github.com/orchard9/pg-goapi/internal/analyzer/patterns.go:409.31,410.105 1 0
github.com/orchard9/pg-goapi/internal/analyzer/patterns.go:410.105,412.4 1 0
github.com/orchard9/pg-goapi/internal/analyzer/patterns.go:414.2,414.14 1 0
github.com/orchard9/pg-goapi/internal/analyzer/patterns.go:418.60,427.41 3 17
github.com/orchard9/pg-goapi/internal/analyzer/patterns.go:427.41,428.43 1 235
github.com/orchard9/pg-goapi/internal/analyzer/patterns.go:428.43,430.4 1 4
github.com/orchard9/pg-goapi/internal/analyzer/patterns.go:434.2,436.40 1 13
github.com/orchard9/pg-goapi/internal/analyzer/patterns.go:440.58,446.2 2 14
github.com/orchard9/pg-goapi/internal/analyzer/patterns.go:449.60,455.2 2 16
github.com/orchard9/pg-goapi/internal/analyzer/patterns.go:458.63,461.29 2 14
github.com/orchard9/pg-goapi/internal/analyzer/patterns.go:461.29,462.52 1 29
github.com/orchard9/pg-goapi/internal/analyzer/patterns.go:462.52,465.26 2 5
github.com/orchard9/pg-goapi/internal/analyzer/patterns.go:465.26,467.5 1 5
github.com/orchard9/pg-goapi/internal/analyzer/patterns.go:470.2,470.11 1 9
github.com/orchard9/pg-goapi/internal/analyzer/patterns.go:474.53,475.22 1 5
github.com/orchard9/pg-goapi/internal/analyzer/patterns.go:475.22,476.25 1 5
github.com/orchard9/pg-goapi/internal/analyzer/patterns.go:476.25,478.4 1 0
github.com/orchard9/pg-goapi/internal/analyzer/patterns.go:480.2,480.19 1 5
github.com/orchard9/pg-goapi/internal/analyzer/patterns.go:484.88,490.2 1 67
github.com/orchard9/pg-goapi/internal/analyzer/patterns.go:493.73,494.23 1 8
github.com/orchard9/pg-goapi/internal/analyzer/patterns.go:494.23,496.3 1 0
github.com/orchard9/pg-goapi/internal/analyzer/patterns.go:496.8,496.30 1 8
github.com/orchard9/pg-goapi/internal/analyzer/patterns.go:496.30,498.3 1 4
github.com/orchard9/pg-goapi/internal/analyzer/patterns.go:499.2,499.14 1 4
github.com/orchard9/pg-goapi/internal/analyzer/relationship.go:19.54,25.2 1 17
github.com/orchard9/pg-goapi/internal/analyzer/relationship.go:28.108,30.27 2 14
github.com/orchard9/pg-goapi/internal/analyzer/relationship.go:30.27,32.3 1 94
github.com/orchard9/pg-goapi/internal/analyzer/relationship.go:35.2,41.49 3 14
github.com/orchard9/pg-goapi/internal/analyzer/relationship.go:45.124,46.31 1 14
github.com/orchard9/pg-goapi/internal/analyzer/relationship.go:46.31,49.3 2 119
github.com/orchard9/pg-goapi/internal/analyzer/relationship.go:53.80,57.29 3 123
github.com/orchard9/pg-goapi/internal/analyzer/relationship.go:57.29,58.17 1 578
github.com/orchard9/pg-goapi/internal/analyzer/relationship.go:58.17,59.12 1 123
github.com/orchard9/pg-goapi/internal/analyzer/relationship.go:62.3,62.42 1 455
github.com/orchard9/pg-goapi/internal/analyzer/relationship.go:62.42,71.4 2 84
github.com/orchard9/pg-goapi/internal/analyzer/relationship.go:71.9,78.4 1 371
github.com/orchard9/pg-goapi/internal/analyzer/relationship.go:81.2,81.17 1 123
github.com/orchard9/pg-goapi/internal/analyzer/relationship.go:93.119,94.39 1 119
github.com/orchard9/pg-goapi/internal/analyzer/relationship.go:94.39,99.26 3 322
github.com/orchard9/pg-goapi/internal/analyzer/relationship.go:99.26,100.12 1 42
github.com/orchard9/pg-goapi/internal/analyzer/relationship.go:104.3,104.46 1 280
github.com/orchard9/pg-goapi/internal/analyzer/relationship.go:104.46,106.33 2 42
github.com/orchard9/pg-goapi/internal/analyzer/relationship.go:106.33,109.5 2 42
github.com/orchard9/pg-goapi/internal/analyzer/relationship.go:115.103,116.39 1 14
github.com/orchard9/pg-goapi/internal/analyzer/relationship.go:116.39,117.49 1 94
github.com/orchard9/pg-goapi/internal/analyzer/relationship.go:117.49,119.4 1 217
github.com/orchard9/pg-goapi/internal/analyzer/relationship.go:124.156,127.35 2 217
github.com/orchard9/pg-goapi/internal/analyzer/relationship.go:127.35,128.21 1 157
github.com/orchard9/pg-goapi/internal/analyzer/relationship.go:128.21,131.4 2 157
github.com/orchard9/pg-goapi/internal/analyzer/relationship.go:136.138,139.22 2 157
github.com/orchard9/pg-goapi/internal/analyzer/relationship.go:139.22,145.72 3 115
github.com/orchard9/pg-goapi/internal/analyzer/relationship.go:145.72,148.4 2 38
github.com/orchard9/pg-goapi/internal/analyzer/relationship.go:153.126,155.62 1 14
github.com/orchard9/pg-goapi/internal/analyzer/relationship.go:155.62,156.59 1 2
github.com/orchard9/pg-goapi/internal/analyzer/relationship.go:156.59,158.4 1 292
github.com/orchard9/pg-goapi/internal/analyzer/relationship.go:163.165,164.30 1 292
github.com/orchard9/pg-goapi/internal/analyzer/relationship.go:164.30,166.3 1 18
github.com/orchard9/pg-goapi/internal/analyzer/relationship.go:168.2,170.27 3 274
github.com/orchard9/pg-goapi/internal/analyzer/relationship.go:170.27,172.3 1 274
github.com/orchard9/pg-goapi/internal/analyzer/relationship.go:174.2,174.56 1 0
github.com/orchard9/pg-goapi/internal/analyzer/relationship.go:174.56,176.25 1 0
github.com/orchard9/pg-goapi/internal/analyzer/relationship.go:176.25,180.80 3 0
github.com/orchard9/pg-goapi/internal/analyzer/relationship.go:180.80,182.5 1 0
github.com/orchard9/pg-goapi/internal/analyzer/relationship.go:186.3,186.84 1 0
github.com/orchard9/pg-goapi/internal/analyzer/relationship.go:186.84,190.80 3 0
github.com/orchard9/pg-goapi/internal/analyzer/relationship.go:190.80,193.5 2 0
github.com/orchard9/pg-goapi/internal/analyzer/relationship.go:197.3,197.82 1 0
github.com/orchard9/pg-goapi/internal/analyzer/relationship.go:202.138,204.22 2 0
github.com/orchard9/pg-goapi/internal/analyzer/relationship.go:204.22,208.79 3 0
github.com/orchard9/pg-goapi/internal/analyzer/relationship.go:208.79,211.4 2 0
github.com/orchard9/pg-goapi/internal/analyzer/relationship.go:216.80,221.34 3 280
github.com/orchard9/pg-goapi/internal/analyzer/relationship.go:221.34,222.38 1 700
github.com/orchard9/pg-goapi/internal/analyzer/relationship.go:222.38,224.9 2 184
github.com/orchard9/pg-goapi/internal/analyzer/relationship.go:228.2,228.13 1 280
github.com/orchard9/pg-goapi/internal/analyzer/relationship.go:232.77,235.20 2 0
github.com/orchard9/pg-goapi/internal/analyzer/relationship.go:235.20,237.3 1 0
github.com/orchard9/pg-goapi/internal/analyzer/relationship.go:238.2,238.12 1 0
github.com/orchard9/pg-goapi/internal/analyzer/relationship.go:242.147,244.19 2 160
github.com/orchard9/pg-goapi/internal/analyzer/relationship.go:244.19,246.3 1 4
github.com/orchard9/pg-goapi/internal/analyzer/relationship.go:249.2,249.48 1 156
github.com/orchard9/pg-goapi/internal/analyzer/relationship.go:249.48,250.89 1 443
github.com/orchard9/pg-goapi/internal/analyzer/relationship.go:250.89,252.4 1 50
github.com/orchard9/pg-goapi/internal/analyzer/relationship.go:256.2,264.67 2 106
github.com/orchard9/pg-goapi/internal/analyzer/relationship.go:268.98,269.17 1 106
github.com/orchard9/pg-goapi/internal/analyzer/relationship.go:270.18,271.58 1 55
github.com/orchard9/pg-goapi/internal/analyzer/relationship.go:272.20,273.52 1 32
github.com/orchard9/pg-goapi/internal/analyzer/relationship.go:274.20,275.52 1 19
github.com/orchard9/pg-goapi/internal/analyzer/relationship.go:276.23,277.57 1 0
github.com/orchard9/pg-goapi/internal/analyzer/relationship.go:278.10,279.65 1 0
github.com/orchard9/pg-goapi/internal/analyzer/resource.go:17.46,21.2 1 14
github.com/orchard9/pg-goapi/internal/analyzer/resource.go:24.90,28.41 2 14
github.com/orchard9/pg-goapi/internal/analyzer/resource.go:28.41,33.3 2 119
github.com/orchard9/pg-goapi/internal/analyzer/resource.go:36.2,37.39 2 14
github.com/orchard9/pg-goapi/internal/analyzer/resource.go:37.39,39.3 1 94
github.com/orchard9/pg-goapi/internal/analyzer/resource.go:41.2,41.18 1 14
github.com/orchard9/pg-goapi/internal/analyzer/resource.go:45.72,53.35 4 119
github.com/orchard9/pg-goapi/internal/analyzer/resource.go:53.35,55.50 2 560
github.com/orchard9/pg-goapi/internal/analyzer/resource.go:55.50,57.4 1 190
github.com/orchard9/pg-goapi/internal/analyzer/resource.go:60.2,60.22 1 119
github.com/orchard9/pg-goapi/internal/analyzer/resource.go:64.65,78.2 2 370
github.com/orchard9/pg-goapi/internal/analyzer/resource.go:81.147,83.45 1 119
github.com/orchard9/pg-goapi/internal/analyzer/resource.go:83.45,85.39 1 190
github.com/orchard9/pg-goapi/internal/analyzer/resource.go:85.39,91.4 1 94
github.com/orchard9/pg-goapi/internal/analyzer/resource.go:94.3,94.26 1 190
github.com/orchard9/pg-goapi/internal/analyzer/resource.go:94.26,96.4 1 116
github.com/orchard9/pg-goapi/internal/analyzer/resource.go:97.3,97.27 1 190
github.com/orchard9/pg-goapi/internal/analyzer/resource.go:97.27,99.4 1 77
github.com/orchard9/pg-goapi/internal/analyzer/resource.go:100.3,100.26 1 190
github.com/orchard9/pg-goapi/internal/analyzer/resource.go:100.26,102.4 1 16
github.com/orchard9/pg-goapi/internal/analyzer/resource.go:103.3,103.29 1 190
github.com/orchard9/pg-goapi/internal/analyzer/resource.go:103.29,105.4 1 8
github.com/orchard9/pg-goapi/internal/analyzer/resource.go:106.3,106.28 1 190
github.com/orchard9/pg-goapi/internal/analyzer/resource.go:106.28,108.4 1 0
github.com/orchard9/pg-goapi/internal/analyzer/resource.go:109.3,109.27 1 190
github.com/orchard9/pg-goapi/internal/analyzer/resource.go:109.27,111.4 1 0
github.com/orchard9/pg-goapi/internal/analyzer/resource.go:112.3,112.30 1 190
github.com/orchard9/pg-goapi/internal/analyzer/resource.go:112.30,114.4 1 0
github.com/orchard9/pg-goapi/internal/analyzer/resource.go:119.105,127.2 1 217
github.com/orchard9/pg-goapi/internal/analyzer/resource.go:130.85,132.28 1 94
github.com/orchard9/pg-goapi/internal/analyzer/resource.go:132.28,134.3 1 0
github.com/orchard9/pg-goapi/internal/analyzer/resource.go:136.2,137.45 2 94
github.com/orchard9/pg-goapi/internal/analyzer/resource_filter.go:26.45,28.2 1 9
github.com/orchard9/pg-goapi/internal/analyzer/resource_filter.go:31.116,33.101 1 9
github.com/orchard9/pg-goapi/internal/analyzer/resource_filter.go:33.101,35.3 1 1
github.com/orchard9/pg-goapi/internal/analyzer/resource_filter.go:38.2,39.38 2 8
github.com/orchard9/pg-goapi/internal/analyzer/resource_filter.go:39.38,41.3 1 7
github.com/orchard9/pg-goapi/internal/analyzer/resource_filter.go:44.2,45.38 2 8
github.com/orchard9/pg-goapi/internal/analyzer/resource_filter.go:45.38,47.3 1 4
github.com/orchard9/pg-goapi/internal/analyzer/resource_filter.go:50.2,51.26 2 8
github.com/orchard9/pg-goapi/internal/analyzer/resource_filter.go:51.26,53.3 1 3
github.com/orchard9/pg-goapi/internal/analyzer/resource_filter.go:56.2,57.37 2 8
github.com/orchard9/pg-goapi/internal/analyzer/resource_filter.go:57.37,61.26 2 58
github.com/orchard9/pg-goapi/internal/analyzer/resource_filter.go:61.26,62.37 1 34
github.com/orchard9/pg-goapi/internal/analyzer/resource_filter.go:62.37,64.13 2 7
github.com/orchard9/pg-goapi/internal/analyzer/resource_filter.go:69.3,69.69 1 51
github.com/orchard9/pg-goapi/internal/analyzer/resource_filter.go:69.69,71.38 1 6
github.com/orchard9/pg-goapi/internal/analyzer/resource_filter.go:71.38,73.5 1 6
github.com/orchard9/pg-goapi/internal/analyzer/resource_filter.go:74.4,74.12 1 6
github.com/orchard9/pg-goapi/internal/analyzer/resource_filter.go:78.3,78.50 1 45
github.com/orchard9/pg-goapi/internal/analyzer/resource_filter.go:78.50,79.38 1 8
github.com/orchard9/pg-goapi/internal/analyzer/resource_filter.go:79.38,81.5 1 6
github.com/orchard9/pg-goapi/internal/analyzer/resource_filter.go:85.2,85.17 1 8
github.com/orchard9/pg-goapi/internal/analyzer/resource_filter.go:89.43,91.21 1 4
github.com/orchard9/pg-goapi/internal/analyzer/resource_filter.go:91.21,93.17 2 2
github.com/orchard9/pg-goapi/internal/analyzer/resource_filter.go:93.17,95.4 1 1
github.com/orchard9/pg-goapi/internal/analyzer/resource_filter.go:97.2,97.12 1 3
github.com/orchard9/pg-goapi/internal/analyzer/resource_filter.go:101.42,104.24 2 0
github.com/orchard9/pg-goapi/internal/analyzer/resource_filter.go:104.24,106.3 1 0
github.com/orchard9/pg-goapi/internal/analyzer/resource_filter.go:108.2,108.24 1 0
github.com/orchard9/pg-goapi/internal/analyzer/resource_filter.go:108.24,110.3 1 0
github.com/orchard9/pg-goapi/internal/analyzer/resource_filter.go:112.2,112.21 1 0
github.com/orchard9/pg-goapi/internal/analyzer/resource_filter.go:112.21,114.3 1 0
github.com/orchard9/pg-goapi/internal/analyzer/resource_filter.go:116.2,116.21 1 0
github.com/orchard9/pg-goapi/internal/analyzer/resource_filter.go:116.21,118.3 1 0
github.com/orchard9/pg-goapi/internal/analyzer/resource_filter.go:120.2,120.34 1 0
github.com/orchard9/pg-goapi/internal/analyzer/schema_reducer.go:20.39,22.2 1 2
github.com/orchard9/pg-goapi/internal/analyzer/schema_reducer.go:25.91,26.38 1 5
github.com/orchard9/pg-goapi/internal/analyzer/schema_reducer.go:26.38,28.3 1 1
github.com/orchard9/pg-goapi/internal/analyzer/schema_reducer.go:31.2,36.16 3 4
github.com/orchard9/pg-goapi/internal/analyzer/schema_reducer.go:40.93,41.19 1 1
github.com/orchard9/pg-goapi/internal/analyzer/schema_reducer.go:41.19,43.3 1 0
github.com/orchard9/pg-goapi/internal/analyzer/schema_reducer.go:45.2,53.15 4 1
github.com/orchard9/pg-goapi/internal/analyzer/schema_reducer.go:57.85,58.47 1 5
github.com/orchard9/pg-goapi/internal/analyzer/schema_reducer.go:58.47,60.3 1 0
github.com/orchard9/pg-goapi/internal/analyzer/schema_reducer.go:63.2,64.44 2 5
github.com/orchard9/pg-goapi/internal/analyzer/schema_reducer.go:64.44,66.60 2 29
github.com/orchard9/pg-goapi/internal/analyzer/schema_reducer.go:66.60,69.29 2 17
github.com/orchard9/pg-goapi/internal/analyzer/schema_reducer.go:69.29,71.5 1 1
github.com/orchard9/pg-goapi/internal/analyzer/schema_reducer.go:72.4,72.34 1 17
github.com/orchard9/pg-goapi/internal/analyzer/schema_reducer.go:76.2,76.35 1 5
github.com/orchard9/pg-goapi/internal/analyzer/schema_reducer.go:80.116,82.16 1 35
github.com/orchard9/pg-goapi/internal/analyzer/schema_reducer.go:82.16,84.3 1 8
github.com/orchard9/pg-goapi/internal/analyzer/schema_reducer.go:86.2,86.15 1 27
github.com/orchard9/pg-goapi/internal/analyzer/schema_reducer.go:87.19,89.44 1 18
github.com/orchard9/pg-goapi/internal/analyzer/schema_reducer.go:90.18,92.43 1 9
github.com/orchard9/pg-goapi/internal/analyzer/schema_reducer.go:93.10,94.15 1 0
github.com/orchard9/pg-goapi/internal/analyzer/schema_reducer.go:99.84,104.62 2 18
github.com/orchard9/pg-goapi/internal/analyzer/schema_reducer.go:104.62,106.3 1 2
github.com/orchard9/pg-goapi/internal/analyzer/schema_reducer.go:109.2,109.73 1 16
github.com/orchard9/pg-goapi/internal/analyzer/schema_reducer.go:109.73,111.3 1 0
github.com/orchard9/pg-goapi/internal/analyzer/schema_reducer.go:114.2,114.54 1 16
github.com/orchard9/pg-goapi/internal/analyzer/schema_reducer.go:114.54,116.3 1 3
github.com/orchard9/pg-goapi/internal/analyzer/schema_reducer.go:119.2,119.74 1 13
github.com/orchard9/pg-goapi/internal/analyzer/schema_reducer.go:119.74,121.3 1 0
github.com/orchard9/pg-goapi/internal/analyzer/schema_reducer.go:124.2,124.84 1 13
github.com/orchard9/pg-goapi/internal/analyzer/schema_reducer.go:124.84,126.3 1 1
github.com/orchard9/pg-goapi/internal/analyzer/schema_reducer.go:129.2,129.57 1 12
github.com/orchard9/pg-goapi/internal/analyzer/schema_reducer.go:129.57,130.57 1 1
github.com/orchard9/pg-goapi/internal/analyzer/schema_reducer.go:130.57,131.97 1 1
github.com/orchard9/pg-goapi/internal/analyzer/schema_reducer.go:131.97,133.5 1 1
github.com/orchard9/pg-goapi/internal/analyzer/schema_reducer.go:137.2,137.14 1 11
github.com/orchard9/pg-goapi/internal/analyzer/schema_reducer.go:141.84,145.39 2 9
github.com/orchard9/pg-goapi/internal/analyzer/schema_reducer.go:145.39,147.3 1 2
github.com/orchard9/pg-goapi/internal/analyzer/schema_reducer.go:150.2,150.34 1 7
github.com/orchard9/pg-goapi/internal/analyzer/schema_reducer.go:150.34,152.3 1 2
github.com/orchard9/pg-goapi/internal/analyzer/schema_reducer.go:155.2,155.52 1 5
github.com/orchard9/pg-goapi/internal/analyzer/schema_reducer.go:155.52,157.3 1 0
github.com/orchard9/pg-goapi/internal/analyzer/schema_reducer.go:160.2,161.43 1 5
github.com/orchard9/pg-goapi/internal/analyzer/schema_reducer.go:161.43,163.3 1 0
github.com/orchard9/pg-goapi/internal/analyzer/schema_reducer.go:166.2,167.45 1 5
github.com/orchard9/pg-goapi/internal/analyzer/schema_reducer.go:167.45,169.3 1 0
github.com/orchard9/pg-goapi/internal/analyzer/schema_reducer.go:171.2,171.14 1 5
github.com/orchard9/pg-goapi/internal/analyzer/schema_reducer.go:175.84,179.61 2 9
github.com/orchard9/pg-goapi/internal/analyzer/schema_reducer.go:179.61,181.3 1 2
github.com/orchard9/pg-goapi/internal/analyzer/schema_reducer.go:184.2,185.43 2 7
github.com/orchard9/pg-goapi/internal/analyzer/schema_reducer.go:185.43,186.43 1 28
github.com/orchard9/pg-goapi/internal/analyzer/schema_reducer.go:186.43,188.4 1 0
github.com/orchard9/pg-goapi/internal/analyzer/schema_reducer.go:192.2,193.40 2 7
github.com/orchard9/pg-goapi/internal/analyzer/schema_reducer.go:193.40,194.42 1 35
github.com/orchard9/pg-goapi/internal/analyzer/schema_reducer.go:194.42,196.4 1 0
github.com/orchard9/pg-goapi/internal/analyzer/schema_reducer.go:199.2,199.14 1 7
github.com/orchard9/pg-goapi/internal/analyzer/schema_reducer.go:203.102,204.19 1 1
github.com/orchard9/pg-goapi/internal/analyzer/schema_reducer.go:204.19,206.3 1 0
github.com/orchard9/pg-goapi/internal/analyzer/schema_reducer.go:209.2,209.57 1 1
github.com/orchard9/pg-goapi/internal/analyzer/schema_reducer.go:209.57,210.45 1 1
github.com/orchard9/pg-goapi/internal/analyzer/schema_reducer.go:210.45,212.20 2 4
github.com/orchard9/pg-goapi/internal/analyzer/schema_reducer.go:212.20,214.5 1 0
github.com/orchard9/pg-goapi/internal/analyzer/schema_reducer.go:216.4,226.29 3 4
github.com/orchard9/pg-goapi/internal/analyzer/schema_reducer.go:226.29,228.5 1 0
github.com/orchard9/pg-goapi/internal/analyzer/schema_reducer.go:234.81,241.51 2 5
github.com/orchard9/pg-goapi/internal/analyzer/schema_reducer.go:241.51,244.3 2 1
github.com/orchard9/pg-goapi/internal/analyzer/schema_reducer.go:247.2,247.26 1 5
github.com/orchard9/pg-goapi/internal/analyzer/schema_reducer.go:247.26,248.33 1 0
github.com/orchard9/pg-goapi/internal/analyzer/schema_reducer.go:248.33,249.33 1 0
github.com/orchard9/pg-goapi/internal/analyzer/schema_reducer.go:249.33,251.5 1 0
github.com/orchard9/pg-goapi/internal/analyzer/schema_reducer.go:256.2,256.22 1 5
github.com/orchard9/pg-goapi/internal/analyzer/schema_reducer.go:256.22,260.21 3 0
github.com/orchard9/pg-goapi/internal/analyzer/schema_reducer.go:260.21,262.4 1 0
github.com/orchard9/pg-goapi/internal/analyzer/schema_reducer.go:266.2,266.26 1 5
github.com/orchard9/pg-goapi/internal/analyzer/schema_reducer.go:266.26,268.3 1 0
github.com/orchard9/pg-goapi/internal/analyzer/schema_reducer.go:270.2,270.18 1 5
github.com/orchard9/pg-goapi/internal/analyzer/schema_reducer.go:274.79,275.31 1 34
github.com/orchard9/pg-goapi/internal/analyzer/schema_reducer.go:275.31,276.23 1 57
github.com/orchard9/pg-goapi/internal/analyzer/schema_reducer.go:276.23,278.4 1 11
github.com/orchard9/pg-goapi/internal/analyzer/schema_reducer.go:280.2,280.14 1 23
github.com/orchard9/pg-goapi/internal/analyzer/schema_reducer.go:284.75,285.19 1 34
github.com/orchard9/pg-goapi/internal/analyzer/schema_reducer.go:285.19,287.3 1 0
github.com/orchard9/pg-goapi/internal/analyzer/schema_reducer.go:289.2,292.30 2 34
github.com/orchard9/pg-goapi/internal/analyzer/schema_reducer.go:292.30,294.39 2 5
github.com/orchard9/pg-goapi/internal/analyzer/schema_reducer.go:294.39,296.4 1 29
github.com/orchard9/pg-goapi/internal/analyzer/schema_reducer.go:300.2,300.28 1 34
github.com/orchard9/pg-goapi/internal/analyzer/schema_reducer.go:300.28,303.3 2 4
github.com/orchard9/pg-goapi/internal/analyzer/schema_reducer.go:306.2,306.25 1 34
github.com/orchard9/pg-goapi/internal/analyzer/schema_reducer.go:306.25,308.3 1 1
github.com/orchard9/pg-goapi/internal/analyzer/schema_reducer.go:310.2,310.16 1 34
github.com/orchard9/pg-goapi/internal/parser/enhanced.go:20.27,24.2 1 17
github.com/orchard9/pg-goapi/internal/parser/enhanced.go:27.71,30.16 2 15
github.com/orchard9/pg-goapi/internal/parser/enhanced.go:30.16,33.3 1 2
github.com/orchard9/pg-goapi/internal/parser/enhanced.go:36.2,37.49 2 13
github.com/orchard9/pg-goapi/internal/parser/enhanced.go:37.49,39.3 1 1
github.com/orchard9/pg-goapi/internal/parser/enhanced.go:42.2,42.42 1 12
github.com/orchard9/pg-goapi/internal/parser/enhanced.go:46.69,49.16 2 1
github.com/orchard9/pg-goapi/internal/parser/enhanced.go:49.16,52.3 1 1
github.com/orchard9/pg-goapi/internal/parser/enhanced.go:54.2,54.48 1 0
github.com/orchard9/pg-goapi/internal/parser/enhanced.go:58.61,60.16 2 1
github.com/orchard9/pg-goapi/internal/parser/enhanced.go:60.16,62.3 1 0
github.com/orchard9/pg-goapi/internal/parser/enhanced.go:64.2,64.22 1 1
github.com/orchard9/pg-goapi/internal/parser/enhanced.go:68.67,71.16 2 1
github.com/orchard9/pg-goapi/internal/parser/enhanced.go:71.16,74.3 1 0
github.com/orchard9/pg-goapi/internal/parser/enhanced.go:77.2,78.49 2 1
github.com/orchard9/pg-goapi/internal/parser/enhanced.go:78.49,80.3 1 0
github.com/orchard9/pg-goapi/internal/parser/enhanced.go:85.2,85.42 1 1
github.com/orchard9/pg-goapi/internal/parser/enhanced.go:89.50,93.2 1 3
github.com/orchard9/pg-goapi/internal/parser/enhanced.go:96.77,108.43 2 13
github.com/orchard9/pg-goapi/internal/parser/enhanced.go:108.43,110.3 1 13
github.com/orchard9/pg-goapi/internal/parser/enhanced.go:113.2,113.19 1 13
github.com/orchard9/pg-goapi/internal/parser/enhanced.go:113.19,114.28 1 13
github.com/orchard9/pg-goapi/internal/parser/enhanced.go:114.28,120.4 1 2
github.com/orchard9/pg-goapi/internal/parser/enhanced.go:122.3,122.28 1 13
github.com/orchard9/pg-goapi/internal/parser/enhanced.go:122.28,127.4 1 2
github.com/orchard9/pg-goapi/internal/parser/enhanced.go:131.2,131.38 1 13
github.com/orchard9/pg-goapi/internal/parser/enhanced.go:131.38,134.3 2 2
github.com/orchard9/pg-goapi/internal/parser/enhanced.go:137.2,137.20 1 13
github.com/orchard9/pg-goapi/internal/parser/enhanced.go:137.20,138.45 1 12
github.com/orchard9/pg-goapi/internal/parser/enhanced.go:138.45,140.4 1 181
github.com/orchard9/pg-goapi/internal/parser/enhanced.go:144.2,144.71 1 13
github.com/orchard9/pg-goapi/internal/parser/enhanced.go:144.71,146.3 1 4
github.com/orchard9/pg-goapi/internal/parser/enhanced.go:149.2,149.21 1 13
github.com/orchard9/pg-goapi/internal/parser/enhanced.go:149.21,151.30 2 4
github.com/orchard9/pg-goapi/internal/parser/enhanced.go:151.30,156.31 2 38
github.com/orchard9/pg-goapi/internal/parser/enhanced.go:156.31,161.5 1 0
github.com/orchard9/pg-goapi/internal/parser/enhanced.go:165.2,165.15 1 13
github.com/orchard9/pg-goapi/internal/parser/enhanced.go:169.67,176.34 5 2
github.com/orchard9/pg-goapi/internal/parser/enhanced.go:176.34,178.3 1 0
github.com/orchard9/pg-goapi/internal/parser/enhanced.go:180.2,180.16 1 2
github.com/orchard9/pg-goapi/internal/parser/enhanced.go:180.16,182.3 1 0
github.com/orchard9/pg-goapi/internal/parser/enhanced.go:183.2,183.20 1 2
github.com/orchard9/pg-goapi/internal/parser/enhanced.go:183.20,185.3 1 0
github.com/orchard9/pg-goapi/internal/parser/enhanced.go:186.2,186.23 1 2
github.com/orchard9/pg-goapi/internal/parser/enhanced.go:186.23,188.3 1 0
github.com/orchard9/pg-goapi/internal/parser/enhanced.go:190.2,190.33 1 2
github.com/orchard9/pg-goapi/internal/parser/enhanced.go:190.33,194.3 1 4
github.com/orchard9/pg-goapi/internal/parser/enhanced.go:196.2,196.16 1 2
github.com/orchard9/pg-goapi/internal/parser/enhanced.go:200.75,205.25 2 181
github.com/orchard9/pg-goapi/internal/parser/enhanced.go:205.25,207.3 1 99
github.com/orchard9/pg-goapi/internal/parser/enhanced.go:208.2,208.26 1 181
github.com/orchard9/pg-goapi/internal/parser/enhanced.go:208.26,210.3 1 80
github.com/orchard9/pg-goapi/internal/parser/enhanced.go:211.2,211.25 1 181
github.com/orchard9/pg-goapi/internal/parser/enhanced.go:211.25,213.3 1 20
github.com/orchard9/pg-goapi/internal/parser/enhanced.go:214.2,214.28 1 181
github.com/orchard9/pg-goapi/internal/parser/enhanced.go:214.28,216.3 1 8
github.com/orchard9/pg-goapi/internal/parser/enhanced.go:217.2,217.29 1 181
github.com/orchard9/pg-goapi/internal/parser/enhanced.go:217.29,219.3 1 0
github.com/orchard9/pg-goapi/internal/parser/enhanced.go:220.2,220.26 1 181
github.com/orchard9/pg-goapi/internal/parser/enhanced.go:220.26,222.3 1 0
github.com/orchard9/pg-goapi/internal/parser/enhanced.go:223.2,223.27 1 181
github.com/orchard9/pg-goapi/internal/parser/enhanced.go:223.27,225.3 1 0
github.com/orchard9/pg-goapi/internal/parser/enhanced.go:227.2,227.15 1 181
github.com/orchard9/pg-goapi/internal/parser/enhanced.go:231.74,242.25 2 207
github.com/orchard9/pg-goapi/internal/parser/enhanced.go:242.25,243.64 1 207
github.com/orchard9/pg-goapi/internal/parser/enhanced.go:243.64,245.4 1 771
github.com/orchard9/pg-goapi/internal/parser/enhanced.go:246.3,246.34 1 207
github.com/orchard9/pg-goapi/internal/parser/enhanced.go:246.34,248.4 1 204
github.com/orchard9/pg-goapi/internal/parser/enhanced.go:251.2,251.15 1 207
github.com/orchard9/pg-goapi/internal/parser/enhanced.go:255.72,261.24 2 975
github.com/orchard9/pg-goapi/internal/parser/enhanced.go:261.24,267.3 1 972
github.com/orchard9/pg-goapi/internal/parser/enhanced.go:269.2,269.15 1 975
github.com/orchard9/pg-goapi/internal/parser/enhanced.go:273.64,274.14 1 4062
github.com/orchard9/pg-goapi/internal/parser/enhanced.go:274.14,276.3 1 0
github.com/orchard9/pg-goapi/internal/parser/enhanced.go:278.2,290.21 2 4062
github.com/orchard9/pg-goapi/internal/parser/enhanced.go:290.21,292.3 1 2638
github.com/orchard9/pg-goapi/internal/parser/enhanced.go:295.2,295.26 1 4062
github.com/orchard9/pg-goapi/internal/parser/enhanced.go:295.26,298.54 2 1540
github.com/orchard9/pg-goapi/internal/parser/enhanced.go:298.54,300.4 1 1540
github.com/orchard9/pg-goapi/internal/parser/enhanced.go:304.2,304.25 1 4062
github.com/orchard9/pg-goapi/internal/parser/enhanced.go:304.25,306.40 2 556
github.com/orchard9/pg-goapi/internal/parser/enhanced.go:306.40,308.4 1 2256
github.com/orchard9/pg-goapi/internal/parser/enhanced.go:312.2,312.45 1 4062
github.com/orchard9/pg-goapi/internal/parser/enhanced.go:312.45,314.3 1 250
github.com/orchard9/pg-goapi/internal/parser/enhanced.go:316.2,316.15 1 4062
github.com/orchard9/pg-goapi/internal/parser/enhanced.go:320.73,326.26 2 4
github.com/orchard9/pg-goapi/internal/parser/enhanced.go:326.26,327.43 1 4
github.com/orchard9/pg-goapi/internal/parser/enhanced.go:327.43,329.4 1 584
github.com/orchard9/pg-goapi/internal/parser/enhanced.go:332.2,332.15 1 4
github.com/orchard9/pg-goapi/internal/parser/impl.go:17.19,19.2 1 17
github.com/orchard9/pg-goapi/internal/parser/impl.go:22.24,26.2 1 0
github.com/orchard9/pg-goapi/internal/parser/impl.go:33.63,35.16 2 2
github.com/orchard9/pg-goapi/internal/parser/impl.go:35.16,37.3 1 0
github.com/orchard9/pg-goapi/internal/parser/impl.go:39.2,39.22 1 2
github.com/orchard9/pg-goapi/internal/parser/impl.go:43.61,45.16 2 1
github.com/orchard9/pg-goapi/internal/parser/impl.go:45.16,47.3 1 0
github.com/orchard9/pg-goapi/internal/parser/impl.go:48.2,50.38 2 1
github.com/orchard9/pg-goapi/internal/parser/impl.go:50.38,52.3 1 1
github.com/orchard9/pg-goapi/internal/parser/impl.go:54.2,55.16 2 0
github.com/orchard9/pg-goapi/internal/parser/impl.go:55.16,57.3 1 0
github.com/orchard9/pg-goapi/internal/parser/impl.go:59.2,59.22 1 0
github.com/orchard9/pg-goapi/internal/parser/impl.go:63.53,65.16 2 0
github.com/orchard9/pg-goapi/internal/parser/impl.go:65.16,67.3 1 0
github.com/orchard9/pg-goapi/internal/parser/impl.go:69.2,69.22 1 0
github.com/orchard9/pg-goapi/internal/parser/impl.go:73.59,76.16 2 2
github.com/orchard9/pg-goapi/internal/parser/impl.go:76.16,78.3 1 2
github.com/orchard9/pg-goapi/internal/parser/impl.go:81.2,81.38 1 0
github.com/orchard9/pg-goapi/internal/parser/impl.go:81.38,83.23 1 0
github.com/orchard9/pg-goapi/internal/parser/impl.go:83.23,85.4 1 0
github.com/orchard9/pg-goapi/internal/parser/impl.go:87.3,87.23 1 0
github.com/orchard9/pg-goapi/internal/parser/impl.go:87.23,89.57 2 0
github.com/orchard9/pg-goapi/internal/parser/impl.go:89.57,91.5 1 0
github.com/orchard9/pg-goapi/internal/parser/impl.go:92.4,93.18 2 0
github.com/orchard9/pg-goapi/internal/parser/impl.go:93.18,95.5 1 0
github.com/orchard9/pg-goapi/internal/parser/impl.go:98.3,99.17 2 0
github.com/orchard9/pg-goapi/internal/parser/impl.go:99.17,101.4 1 0
github.com/orchard9/pg-goapi/internal/parser/impl.go:103.3,103.18 1 0
github.com/orchard9/pg-goapi/internal/parser/impl.go:104.8,104.46 1 0
github.com/orchard9/pg-goapi/internal/parser/impl.go:104.46,106.3 1 0
github.com/orchard9/pg-goapi/internal/parser/impl.go:109.2,110.16 2 0
github.com/orchard9/pg-goapi/internal/parser/impl.go:111.14,112.53 1 0
github.com/orchard9/pg-goapi/internal/parser/impl.go:112.53,114.4 1 0
github.com/orchard9/pg-goapi/internal/parser/impl.go:115.14,116.53 1 0
github.com/orchard9/pg-goapi/internal/parser/impl.go:116.53,118.4 1 0
github.com/orchard9/pg-goapi/internal/parser/impl.go:119.10,120.59 1 0
github.com/orchard9/pg-goapi/internal/parser/impl.go:124.2,124.46 1 0
github.com/orchard9/pg-goapi/internal/parser/impl.go:124.46,126.3 1 0
github.com/orchard9/pg-goapi/internal/parser/impl.go:128.2,128.19 1 0
github.com/orchard9/pg-goapi/internal/parser/impl.go:132.87,135.55 2 2
github.com/orchard9/pg-goapi/internal/parser/impl.go:135.55,139.47 2 0
github.com/orchard9/pg-goapi/internal/parser/impl.go:139.47,141.4 1 0
github.com/orchard9/pg-goapi/internal/parser/impl.go:141.9,141.54 1 0
github.com/orchard9/pg-goapi/internal/parser/impl.go:141.54,143.4 1 0
github.com/orchard9/pg-goapi/internal/parser/impl.go:143.9,145.4 1 0
github.com/orchard9/pg-goapi/internal/parser/impl.go:147.3,147.30 1 0
github.com/orchard9/pg-goapi/internal/parser/impl.go:151.2,152.55 2 2
github.com/orchard9/pg-goapi/internal/parser/impl.go:152.55,156.47 2 0
github.com/orchard9/pg-goapi/internal/parser/impl.go:156.47,158.4 1 0
github.com/orchard9/pg-goapi/internal/parser/impl.go:158.9,158.54 1 0
github.com/orchard9/pg-goapi/internal/parser/impl.go:158.54,160.4 1 0
github.com/orchard9/pg-goapi/internal/parser/impl.go:160.9,162.4 1 0
github.com/orchard9/pg-goapi/internal/parser/impl.go:164.3,164.30 1 0
github.com/orchard9/pg-goapi/internal/parser/impl.go:167.2,167.62 1 2
github.com/orchard9/pg-goapi/internal/parser/impl.go:171.56,172.24 1 0
github.com/orchard9/pg-goapi/internal/parser/impl.go:172.24,174.3 1 0
github.com/orchard9/pg-goapi/internal/parser/impl.go:176.2,176.44 1 0
github.com/orchard9/pg-goapi/internal/parser/impl.go:176.44,178.3 1 0
github.com/orchard9/pg-goapi/internal/parser/impl.go:180.2,180.27 1 0
github.com/orchard9/pg-goapi/internal/parser/impl.go:180.27,182.3 1 0
github.com/orchard9/pg-goapi/internal/parser/impl.go:184.2,184.29 1 0
github.com/orchard9/pg-goapi/internal/parser/impl.go:184.29,186.3 1 0
github.com/orchard9/pg-goapi/internal/parser/impl.go:188.2,188.23 1 0
github.com/orchard9/pg-goapi/internal/parser/impl.go:188.23,190.3 1 0
github.com/orchard9/pg-goapi/internal/parser/impl.go:192.2,192.12 1 0
